<?xml version="1.0" encoding="UTF-8"?>
<!-- Generated by org.testng.reporters.JUnitXMLReporter -->
<testsuite hostname="Gill" ignored="0" name="Default test" tests="6" failures="0" timestamp="2022-06-24T16:15:29 EDT" time="22.762" errors="0">
  <testcase name="Test1" time="0.243" classname="com.resolver.qa.testcase.HomeTestCase"/>
  <testcase name="Test2" time="0.068" classname="com.resolver.qa.testcase.HomeTestCase"/>
  <testcase name="Test3" time="0.084" classname="com.resolver.qa.testcase.HomeTestCase"/>
  <testcase name="Test4" time="0.051" classname="com.resolver.qa.testcase.HomeTestCase"/>
  <testcase name="Test5" time="10.458" classname="com.resolver.qa.testcase.HomeTestCase"/>
  <testcase name="Test6" time="0.061" classname="com.resolver.qa.testcase.HomeTestCase"/>
</testsuite> <!-- Default test -->
