<?xml version="1.0" encoding="UTF-8"?>
<!-- Generated by org.testng.reporters.JUnitXMLReporter -->
<testsuite hostname="Gill" ignored="0" name="Resolver Test1To6" tests="6" failures="0" timestamp="2022-06-24T16:32:26 EDT" time="13.333" errors="0">
  <testcase name="Test1" time="0.229" classname="com.resolver.qa.testcase.HomeTestCase"/>
  <testcase name="Test2" time="0.064" classname="com.resolver.qa.testcase.HomeTestCase"/>
  <testcase name="Test3" time="0.077" classname="com.resolver.qa.testcase.HomeTestCase"/>
  <testcase name="Test4" time="0.055" classname="com.resolver.qa.testcase.HomeTestCase"/>
  <testcase name="Test5" time="1.281" classname="com.resolver.qa.testcase.HomeTestCase"/>
  <testcase name="Test6" time="0.043" classname="com.resolver.qa.testcase.HomeTestCase"/>
</testsuite> <!-- Resolver Test1To6 -->
