<?xml version="1.0" encoding="UTF-8"?>
<!-- Generated by org.testng.reporters.JUnitXMLReporter -->
<testsuite hostname="Gill" ignored="0" name="Test" tests="6" failures="0" timestamp="2022-06-24T16:29:36 EDT" time="20.318" errors="0">
  <testcase name="Test1" time="0.223" classname="com.resolver.qa.testcase.HomeTestCase"/>
  <testcase name="Test2" time="0.066" classname="com.resolver.qa.testcase.HomeTestCase"/>
  <testcase name="Test3" time="0.08" classname="com.resolver.qa.testcase.HomeTestCase"/>
  <testcase name="Test4" time="0.046" classname="com.resolver.qa.testcase.HomeTestCase"/>
  <testcase name="Test5" time="8.173" classname="com.resolver.qa.testcase.HomeTestCase"/>
  <testcase name="Test6" time="0.065" classname="com.resolver.qa.testcase.HomeTestCase"/>
</testsuite> <!-- Test -->
