<?xml version="1.0" encoding="UTF-8"?>
<testng-results skipped="0" failed="0" ignored="0" total="6" passed="6">
  <reporter-output>
  </reporter-output>
  <suite name="Suite" duration-ms="13333" started-at="2022-06-24T16:32:13 EDT" finished-at="2022-06-24T16:32:26 EDT">
    <groups>
    </groups>
    <test name="Resolver Test1To6" duration-ms="13333" started-at="2022-06-24T16:32:13 EDT" finished-at="2022-06-24T16:32:26 EDT">
      <class name="com.resolver.qa.testcase.HomeTestCase">
        <test-method status="PASS" signature="setup()[pri:0, instance:com.resolver.qa.testcase.HomeTestCase@7113b13f]" name="setup" is-config="true" duration-ms="2697" started-at="2022-06-24T16:32:13 EDT" finished-at="2022-06-24T16:32:15 EDT">
          <reporter-output>
          </reporter-output>
        </test-method> <!-- setup -->
        <test-method status="PASS" signature="Test1()[pri:1, instance:com.resolver.qa.testcase.HomeTestCase@7113b13f]" name="Test1" duration-ms="229" started-at="2022-06-24T16:32:15 EDT" description="Login to App" finished-at="2022-06-24T16:32:16 EDT">
          <reporter-output>
          </reporter-output>
        </test-method> <!-- Test1 -->
        <test-method status="PASS" signature="teardown()[pri:0, instance:com.resolver.qa.testcase.HomeTestCase@7113b13f]" name="teardown" is-config="true" duration-ms="102" started-at="2022-06-24T16:32:16 EDT" finished-at="2022-06-24T16:32:16 EDT">
          <reporter-output>
          </reporter-output>
        </test-method> <!-- teardown -->
        <test-method status="PASS" signature="setup()[pri:0, instance:com.resolver.qa.testcase.HomeTestCase@7113b13f]" name="setup" is-config="true" duration-ms="1674" started-at="2022-06-24T16:32:16 EDT" finished-at="2022-06-24T16:32:17 EDT">
          <reporter-output>
          </reporter-output>
        </test-method> <!-- setup -->
        <test-method status="PASS" signature="Test2()[pri:2, instance:com.resolver.qa.testcase.HomeTestCase@7113b13f]" name="Test2" duration-ms="64" started-at="2022-06-24T16:32:17 EDT" description="Verify List Items" finished-at="2022-06-24T16:32:17 EDT">
          <reporter-output>
          </reporter-output>
        </test-method> <!-- Test2 -->
        <test-method status="PASS" signature="teardown()[pri:0, instance:com.resolver.qa.testcase.HomeTestCase@7113b13f]" name="teardown" is-config="true" duration-ms="78" started-at="2022-06-24T16:32:17 EDT" finished-at="2022-06-24T16:32:18 EDT">
          <reporter-output>
          </reporter-output>
        </test-method> <!-- teardown -->
        <test-method status="PASS" signature="setup()[pri:0, instance:com.resolver.qa.testcase.HomeTestCase@7113b13f]" name="setup" is-config="true" duration-ms="1638" started-at="2022-06-24T16:32:18 EDT" finished-at="2022-06-24T16:32:19 EDT">
          <reporter-output>
          </reporter-output>
        </test-method> <!-- setup -->
        <test-method status="PASS" signature="Test3()[pri:3, instance:com.resolver.qa.testcase.HomeTestCase@7113b13f]" name="Test3" duration-ms="77" started-at="2022-06-24T16:32:19 EDT" description="Verify the Options" finished-at="2022-06-24T16:32:19 EDT">
          <reporter-output>
          </reporter-output>
        </test-method> <!-- Test3 -->
        <test-method status="PASS" signature="teardown()[pri:0, instance:com.resolver.qa.testcase.HomeTestCase@7113b13f]" name="teardown" is-config="true" duration-ms="79" started-at="2022-06-24T16:32:19 EDT" finished-at="2022-06-24T16:32:19 EDT">
          <reporter-output>
          </reporter-output>
        </test-method> <!-- teardown -->
        <test-method status="PASS" signature="setup()[pri:0, instance:com.resolver.qa.testcase.HomeTestCase@7113b13f]" name="setup" is-config="true" duration-ms="1647" started-at="2022-06-24T16:32:19 EDT" finished-at="2022-06-24T16:32:21 EDT">
          <reporter-output>
          </reporter-output>
        </test-method> <!-- setup -->
        <test-method status="PASS" signature="Test4()[pri:4, instance:com.resolver.qa.testcase.HomeTestCase@7113b13f]" name="Test4" duration-ms="55" started-at="2022-06-24T16:32:21 EDT" description="verify button" finished-at="2022-06-24T16:32:21 EDT">
          <reporter-output>
          </reporter-output>
        </test-method> <!-- Test4 -->
        <test-method status="PASS" signature="teardown()[pri:0, instance:com.resolver.qa.testcase.HomeTestCase@7113b13f]" name="teardown" is-config="true" duration-ms="77" started-at="2022-06-24T16:32:21 EDT" finished-at="2022-06-24T16:32:21 EDT">
          <reporter-output>
          </reporter-output>
        </test-method> <!-- teardown -->
        <test-method status="PASS" signature="setup()[pri:0, instance:com.resolver.qa.testcase.HomeTestCase@7113b13f]" name="setup" is-config="true" duration-ms="1645" started-at="2022-06-24T16:32:21 EDT" finished-at="2022-06-24T16:32:23 EDT">
          <reporter-output>
          </reporter-output>
        </test-method> <!-- setup -->
        <test-method status="PASS" signature="Test5()[pri:5, instance:com.resolver.qa.testcase.HomeTestCase@7113b13f]" name="Test5" duration-ms="1281" started-at="2022-06-24T16:32:23 EDT" description="Verify Alert Message" finished-at="2022-06-24T16:32:24 EDT">
          <reporter-output>
          </reporter-output>
        </test-method> <!-- Test5 -->
        <test-method status="PASS" signature="teardown()[pri:0, instance:com.resolver.qa.testcase.HomeTestCase@7113b13f]" name="teardown" is-config="true" duration-ms="102" started-at="2022-06-24T16:32:24 EDT" finished-at="2022-06-24T16:32:24 EDT">
          <reporter-output>
          </reporter-output>
        </test-method> <!-- teardown -->
        <test-method status="PASS" signature="setup()[pri:0, instance:com.resolver.qa.testcase.HomeTestCase@7113b13f]" name="setup" is-config="true" duration-ms="1716" started-at="2022-06-24T16:32:24 EDT" finished-at="2022-06-24T16:32:26 EDT">
          <reporter-output>
          </reporter-output>
        </test-method> <!-- setup -->
        <test-method status="PASS" signature="Test6()[pri:6, instance:com.resolver.qa.testcase.HomeTestCase@7113b13f]" name="Test6" duration-ms="43" started-at="2022-06-24T16:32:26 EDT" description="verify Table Grid" finished-at="2022-06-24T16:32:26 EDT">
          <reporter-output>
          </reporter-output>
        </test-method> <!-- Test6 -->
        <test-method status="PASS" signature="teardown()[pri:0, instance:com.resolver.qa.testcase.HomeTestCase@7113b13f]" name="teardown" is-config="true" duration-ms="90" started-at="2022-06-24T16:32:26 EDT" finished-at="2022-06-24T16:32:26 EDT">
          <reporter-output>
          </reporter-output>
        </test-method> <!-- teardown -->
      </class> <!-- com.resolver.qa.testcase.HomeTestCase -->
    </test> <!-- Resolver Test1To6 -->
  </suite> <!-- Suite -->
</testng-results>
